Liens
Java
https://www.youtube.com/watch?v=kwQqkbNK6HQ

cours java console
https://www.youtube.com/watch?v=fIftF8zTDxk&t=434s

configuration Navigateur internet
https://www.youtube.com/watch?v=mc-gBv7ti5U


deepfake
https://www.youtube.com/watch?v=UlrGvZcesa8

projet devops
 ci/cd
https://abrahamkoloboe27.github.io/mkdocs-mlops/#1--entra%C3%AEnement-du-mod%C3%A8le-de-classification
https://github.com/abrahamkoloboe27/Demo-CICD-With-Github-Actions-ATUT-SN/tree/main?tab=readme-ov-file#1--entra%C3%AEnement-du-mod%C3%A8le-de-classification

Docker
https://www.youtube.com/watch?v=lcQq_F3pDgo&list=PLpLG--nxBMd-wO_MAWh3gzqCcFh4qNMvP&index=2

Memorisation
https://www.youtube.com/watch?v=wNjSnUo4DYA

tutoriel python
https://www.tutorialspoint.com/python/python_command_line_arguments.htm

web scraping manga
https://github.com/DebDeb340/Webscraping-and-Manga/tree/main

JSON EDITOR: https://jsoneditoronline.org/

wordpress
https://www.youtube.com/watch?v=ubD8HUJ_uNI


cours probabilités
https://www.youtube.com/watch?v=uTf3CPIs9sM
https://www.youtube.com/watch?v=4-KQN655XkY&t=206s&pp=ygUMcHJvYmFiaWxpdGUg




formation congolais
https://www.youtube.com/watch?v=ecYw-os2K2U